<?xml version="1.0" encoding="UTF-8"?>
<!-- Generated by org.testng.reporters.JUnitXMLReporter -->
<testsuite hostname="SUDHAPAT-IN" ignored="0" name="LoginSmokeSuite" tests="2" failures="1" timestamp="2022-08-29T17:52:46 IST" time="62.216" errors="0">
  <testcase name="login_001" time="10.037" classname="com.actitime.tests.Login"/>
  <testcase name="login_002" time="9.011" classname="com.actitime.tests.Login">
    <failure type="java.lang.AssertionError" message="Could not loggin to actitime... expected [false] but found [true]">
      <![CDATA[java.lang.AssertionError: Could not loggin to actitime... expected [false] but found [true]
at com.actitime.tests.Login.login_002(Login.java:28)
at java.util.ArrayList.forEach(ArrayList.java:1257)
... Removed 34 stack frames]]>
    </failure>
  </testcase> <!-- login_002 -->
</testsuite> <!-- LoginSmokeSuite -->
