<?xml version="1.0" encoding="UTF-8"?>
<!-- Generated by org.testng.reporters.JUnitXMLReporter -->
<testsuite hostname="SUDHAPAT-IN" ignored="0" name="LoginSmokeSuite" tests="3" failures="1" timestamp="2022-08-29T19:41:18 IST" time="208.714" errors="0">
  <testcase name="login_001" time="9.185" classname="com.actitime.tests.Login"/>
  <testcase name="login_002" time="47.613" classname="com.actitime.tests.Login"/>
  <testcase name="login_003LogsTest" time="0.002" classname="com.actitime.tests.Login">
    <failure type="java.lang.AssertionError" message="The expected count of emp is not matching... expected [4] but found [3]">
      <![CDATA[java.lang.AssertionError: The expected count of emp is not matching... expected [4] but found [3]
at com.actitime.tests.Login.login_003LogsTest(Login.java:40)
at java.util.ArrayList.forEach(ArrayList.java:1257)
... Removed 32 stack frames]]>
    </failure>
  </testcase> <!-- login_003LogsTest -->
</testsuite> <!-- LoginSmokeSuite -->
